2025-04-21 20:45:23,828 - train args
2025-04-21 20:45:23,829 - key: igmc_office
2025-04-21 20:45:23,829 - dataset: office
2025-04-21 20:45:23,829 - datasets: None
2025-04-21 20:45:23,829 - keywords: None
2025-04-21 20:45:23,829 - item_cooc_edge_df: None
2025-04-21 20:45:23,829 - user_cooc_edge_df: None
2025-04-21 20:45:23,829 - user_item_cooc_edge_df: None
2025-04-21 20:45:23,829 - model_type: ['I', 'G', 'M', 'C']
2025-04-21 20:45:23,829 - hop: 1
2025-04-21 20:45:23,829 - in_nfeats: 32
2025-04-21 20:45:23,829 - out_nfeats: 32
2025-04-21 20:45:23,829 - in_efeats: 32
2025-04-21 20:45:23,829 - out_efeats: 32
2025-04-21 20:45:23,829 - num_heads: 4
2025-04-21 20:45:23,829 - node_features: None
2025-04-21 20:45:23,829 - parameters: None
2025-04-21 20:45:23,829 - num_relations: 5
2025-04-21 20:45:23,829 - edge_dropout: 0.3
2025-04-21 20:45:23,829 - latent_dims: [32, 32, 32, 32]
2025-04-21 20:45:23,829 - device: 0
2025-04-21 20:45:23,829 - log_dir: log
2025-04-21 20:45:23,829 - log_interval: 100
2025-04-21 20:45:23,829 - train_lrs: [0.001, 0.001, 0.001, 0.001, 0.001]
2025-04-21 20:45:23,829 - train_epochs: 20
2025-04-21 20:45:23,829 - batch_size: 128
2025-04-21 20:45:23,829 - weight_decay: 0.0
2025-04-21 20:45:23,829 - lr_decay_step: 5
2025-04-21 20:45:23,829 - lr_decay_factor: 0.9
2025-04-21 20:45:23,829 - ndcg_k: 10
2025-04-21 20:45:23,829 - DATASET : office
2025-04-21 20:46:50,008 - train args
2025-04-21 20:46:50,008 - key: igmc_office
2025-04-21 20:46:50,008 - dataset: office
2025-04-21 20:46:50,008 - datasets: None
2025-04-21 20:46:50,008 - keywords: None
2025-04-21 20:46:50,008 - item_cooc_edge_df: None
2025-04-21 20:46:50,008 - user_cooc_edge_df: None
2025-04-21 20:46:50,008 - user_item_cooc_edge_df: None
2025-04-21 20:46:50,008 - model_type: ['I', 'G', 'M', 'C']
2025-04-21 20:46:50,008 - hop: 1
2025-04-21 20:46:50,008 - in_nfeats: 32
2025-04-21 20:46:50,008 - out_nfeats: 32
2025-04-21 20:46:50,008 - in_efeats: 32
2025-04-21 20:46:50,008 - out_efeats: 32
2025-04-21 20:46:50,008 - num_heads: 4
2025-04-21 20:46:50,008 - node_features: None
2025-04-21 20:46:50,008 - parameters: None
2025-04-21 20:46:50,008 - num_relations: 5
2025-04-21 20:46:50,008 - edge_dropout: 0.3
2025-04-21 20:46:50,008 - latent_dims: [32, 32, 32, 32]
2025-04-21 20:46:50,008 - device: 0
2025-04-21 20:46:50,008 - log_dir: log
2025-04-21 20:46:50,008 - log_interval: 100
2025-04-21 20:46:50,008 - train_lrs: [0.001, 0.001, 0.001, 0.001, 0.001]
2025-04-21 20:46:50,008 - train_epochs: 20
2025-04-21 20:46:50,008 - batch_size: 128
2025-04-21 20:46:50,008 - weight_decay: 0.0
2025-04-21 20:46:50,008 - lr_decay_step: 5
2025-04-21 20:46:50,008 - lr_decay_factor: 0.9
2025-04-21 20:46:50,008 - ndcg_k: 10
2025-04-21 20:46:50,008 - DATASET : office
2025-04-21 20:48:17,990 - train args
2025-04-21 20:48:17,990 - key: igmc_office
2025-04-21 20:48:17,990 - dataset: office
2025-04-21 20:48:17,990 - datasets: None
2025-04-21 20:48:17,990 - keywords: None
2025-04-21 20:48:17,990 - item_cooc_edge_df: None
2025-04-21 20:48:17,990 - user_cooc_edge_df: None
2025-04-21 20:48:17,990 - user_item_cooc_edge_df: None
2025-04-21 20:48:17,990 - model_type: ['I', 'G', 'M', 'C']
2025-04-21 20:48:17,990 - hop: 1
2025-04-21 20:48:17,990 - in_nfeats: 32
2025-04-21 20:48:17,990 - out_nfeats: 32
2025-04-21 20:48:17,990 - in_efeats: 32
2025-04-21 20:48:17,990 - out_efeats: 32
2025-04-21 20:48:17,990 - num_heads: 4
2025-04-21 20:48:17,990 - node_features: None
2025-04-21 20:48:17,990 - parameters: None
2025-04-21 20:48:17,990 - num_relations: 5
2025-04-21 20:48:17,990 - edge_dropout: 0.3
2025-04-21 20:48:17,990 - latent_dims: [32, 32, 32, 32]
2025-04-21 20:48:17,990 - device: 0
2025-04-21 20:48:17,990 - log_dir: log
2025-04-21 20:48:17,990 - log_interval: 100
2025-04-21 20:48:17,990 - train_lrs: [0.001, 0.001, 0.001, 0.001, 0.001]
2025-04-21 20:48:17,990 - train_epochs: 20
2025-04-21 20:48:17,990 - batch_size: 128
2025-04-21 20:48:17,990 - weight_decay: 0.0
2025-04-21 20:48:17,990 - lr_decay_step: 5
2025-04-21 20:48:17,990 - lr_decay_factor: 0.9
2025-04-21 20:48:17,990 - ndcg_k: 10
2025-04-21 20:48:17,990 - DATASET : office
2025-04-21 20:48:48,909 - train args
2025-04-21 20:48:48,909 - key: igmc_office
2025-04-21 20:48:48,909 - dataset: office
2025-04-21 20:48:48,909 - datasets: None
2025-04-21 20:48:48,909 - keywords: None
2025-04-21 20:48:48,909 - item_cooc_edge_df: None
2025-04-21 20:48:48,909 - user_cooc_edge_df: None
2025-04-21 20:48:48,909 - user_item_cooc_edge_df: None
2025-04-21 20:48:48,909 - model_type: ['I', 'G', 'M', 'C']
2025-04-21 20:48:48,909 - hop: 1
2025-04-21 20:48:48,909 - in_nfeats: 32
2025-04-21 20:48:48,909 - out_nfeats: 32
2025-04-21 20:48:48,909 - in_efeats: 32
2025-04-21 20:48:48,909 - out_efeats: 32
2025-04-21 20:48:48,909 - num_heads: 4
2025-04-21 20:48:48,909 - node_features: None
2025-04-21 20:48:48,909 - parameters: None
2025-04-21 20:48:48,909 - num_relations: 5
2025-04-21 20:48:48,909 - edge_dropout: 0.3
2025-04-21 20:48:48,909 - latent_dims: [32, 32, 32, 32]
2025-04-21 20:48:48,909 - device: 0
2025-04-21 20:48:48,909 - log_dir: log
2025-04-21 20:48:48,909 - log_interval: 100
2025-04-21 20:48:48,909 - train_lrs: [0.001, 0.001, 0.001, 0.001, 0.001]
2025-04-21 20:48:48,909 - train_epochs: 20
2025-04-21 20:48:48,909 - batch_size: 128
2025-04-21 20:48:48,909 - weight_decay: 0.0
2025-04-21 20:48:48,909 - lr_decay_step: 5
2025-04-21 20:48:48,909 - lr_decay_factor: 0.9
2025-04-21 20:48:48,909 - ndcg_k: 10
2025-04-21 20:48:48,909 - DATASET : office
2025-04-21 20:50:23,823 - train args
2025-04-21 20:50:23,823 - key: igmc_office
2025-04-21 20:50:23,823 - dataset: office
2025-04-21 20:50:23,823 - datasets: None
2025-04-21 20:50:23,823 - keywords: None
2025-04-21 20:50:23,823 - item_cooc_edge_df: None
2025-04-21 20:50:23,823 - user_cooc_edge_df: None
2025-04-21 20:50:23,823 - user_item_cooc_edge_df: None
2025-04-21 20:50:23,823 - model_type: ['I', 'G', 'M', 'C']
2025-04-21 20:50:23,823 - hop: 1
2025-04-21 20:50:23,823 - in_nfeats: 32
2025-04-21 20:50:23,823 - out_nfeats: 32
2025-04-21 20:50:23,824 - in_efeats: 32
2025-04-21 20:50:23,824 - out_efeats: 32
2025-04-21 20:50:23,824 - num_heads: 4
2025-04-21 20:50:23,824 - node_features: None
2025-04-21 20:50:23,824 - parameters: None
2025-04-21 20:50:23,824 - num_relations: 5
2025-04-21 20:50:23,824 - edge_dropout: 0.3
2025-04-21 20:50:23,824 - latent_dims: [32, 32, 32, 32]
2025-04-21 20:50:23,824 - device: 0
2025-04-21 20:50:23,824 - log_dir: log
2025-04-21 20:50:23,824 - log_interval: 100
2025-04-21 20:50:23,824 - train_lrs: [0.001, 0.001, 0.001, 0.001, 0.001]
2025-04-21 20:50:23,824 - train_epochs: 20
2025-04-21 20:50:23,824 - batch_size: 128
2025-04-21 20:50:23,824 - weight_decay: 0.0
2025-04-21 20:50:23,824 - lr_decay_step: 5
2025-04-21 20:50:23,824 - lr_decay_factor: 0.9
2025-04-21 20:50:23,824 - ndcg_k: 10
2025-04-21 20:50:23,824 - DATASET : office
2025-04-21 20:53:54,583 - train args
2025-04-21 20:53:54,583 - key: igmc_office
2025-04-21 20:53:54,583 - dataset: office
2025-04-21 20:53:54,583 - datasets: None
2025-04-21 20:53:54,583 - keywords: None
2025-04-21 20:53:54,583 - item_cooc_edge_df: None
2025-04-21 20:53:54,583 - user_cooc_edge_df: None
2025-04-21 20:53:54,583 - user_item_cooc_edge_df: None
2025-04-21 20:53:54,583 - model_type: ['I', 'G', 'M', 'C']
2025-04-21 20:53:54,583 - hop: 1
2025-04-21 20:53:54,583 - in_nfeats: 32
2025-04-21 20:53:54,583 - out_nfeats: 32
2025-04-21 20:53:54,583 - in_efeats: 32
2025-04-21 20:53:54,583 - out_efeats: 32
2025-04-21 20:53:54,583 - num_heads: 4
2025-04-21 20:53:54,583 - node_features: None
2025-04-21 20:53:54,583 - parameters: None
2025-04-21 20:53:54,583 - num_relations: 5
2025-04-21 20:53:54,583 - edge_dropout: 0.3
2025-04-21 20:53:54,583 - latent_dims: [32, 32, 32, 32]
2025-04-21 20:53:54,583 - device: 0
2025-04-21 20:53:54,583 - log_dir: log
2025-04-21 20:53:54,584 - log_interval: 100
2025-04-21 20:53:54,584 - train_lrs: [0.001, 0.001, 0.001, 0.001, 0.001]
2025-04-21 20:53:54,584 - train_epochs: 20
2025-04-21 20:53:54,584 - batch_size: 128
2025-04-21 20:53:54,584 - weight_decay: 0.0
2025-04-21 20:53:54,584 - lr_decay_step: 5
2025-04-21 20:53:54,584 - lr_decay_factor: 0.9
2025-04-21 20:53:54,584 - ndcg_k: 10
2025-04-21 20:53:54,584 - DATASET : office
2025-04-21 20:56:12,877 - train args
2025-04-21 20:56:12,877 - key: igmc_office
2025-04-21 20:56:12,877 - dataset: office
2025-04-21 20:56:12,877 - datasets: None
2025-04-21 20:56:12,877 - keywords: None
2025-04-21 20:56:12,877 - item_cooc_edge_df: None
2025-04-21 20:56:12,877 - user_cooc_edge_df: None
2025-04-21 20:56:12,877 - user_item_cooc_edge_df: None
2025-04-21 20:56:12,877 - model_type: ['I', 'G', 'M', 'C']
2025-04-21 20:56:12,877 - hop: 1
2025-04-21 20:56:12,877 - in_nfeats: 32
2025-04-21 20:56:12,877 - out_nfeats: 32
2025-04-21 20:56:12,877 - in_efeats: 32
2025-04-21 20:56:12,878 - out_efeats: 32
2025-04-21 20:56:12,878 - num_heads: 4
2025-04-21 20:56:12,878 - node_features: None
2025-04-21 20:56:12,878 - parameters: None
2025-04-21 20:56:12,878 - num_relations: 5
2025-04-21 20:56:12,878 - edge_dropout: 0.3
2025-04-21 20:56:12,878 - latent_dims: [32, 32, 32, 32]
2025-04-21 20:56:12,878 - device: 0
2025-04-21 20:56:12,878 - log_dir: log
2025-04-21 20:56:12,878 - log_interval: 100
2025-04-21 20:56:12,878 - train_lrs: [0.001, 0.001, 0.001, 0.001, 0.001]
2025-04-21 20:56:12,878 - train_epochs: 20
2025-04-21 20:56:12,878 - batch_size: 128
2025-04-21 20:56:12,878 - weight_decay: 0.0
2025-04-21 20:56:12,878 - lr_decay_step: 5
2025-04-21 20:56:12,878 - lr_decay_factor: 0.9
2025-04-21 20:56:12,878 - ndcg_k: 10
2025-04-21 20:56:12,878 - DATASET : office
2025-04-21 21:01:22,633 - train args
2025-04-21 21:01:22,633 - key: igmc_office
2025-04-21 21:01:22,633 - dataset: office
2025-04-21 21:01:22,633 - datasets: None
2025-04-21 21:01:22,633 - keywords: None
2025-04-21 21:01:22,633 - item_cooc_edge_df: None
2025-04-21 21:01:22,633 - user_cooc_edge_df: None
2025-04-21 21:01:22,633 - user_item_cooc_edge_df: None
2025-04-21 21:01:22,633 - model_type: ['I', 'G', 'M', 'C']
2025-04-21 21:01:22,633 - hop: 1
2025-04-21 21:01:22,633 - in_nfeats: 32
2025-04-21 21:01:22,633 - out_nfeats: 32
2025-04-21 21:01:22,633 - in_efeats: 32
2025-04-21 21:01:22,633 - out_efeats: 32
2025-04-21 21:01:22,633 - num_heads: 4
2025-04-21 21:01:22,633 - node_features: None
2025-04-21 21:01:22,633 - parameters: None
2025-04-21 21:01:22,633 - num_relations: 5
2025-04-21 21:01:22,634 - edge_dropout: 0.3
2025-04-21 21:01:22,634 - latent_dims: [32, 32, 32, 32]
2025-04-21 21:01:22,634 - device: 0
2025-04-21 21:01:22,634 - log_dir: log
2025-04-21 21:01:22,634 - log_interval: 100
2025-04-21 21:01:22,634 - train_lrs: [0.001, 0.001, 0.001, 0.001, 0.001]
2025-04-21 21:01:22,634 - train_epochs: 20
2025-04-21 21:01:22,634 - batch_size: 128
2025-04-21 21:01:22,634 - weight_decay: 0.0
2025-04-21 21:01:22,634 - lr_decay_step: 5
2025-04-21 21:01:22,634 - lr_decay_factor: 0.9
2025-04-21 21:01:22,634 - ndcg_k: 10
2025-04-21 21:01:22,634 - DATASET : office
